<?xml version="1.0" encoding="UTF-8" ?>
<testsuite failures="0" time="0.182" errors="0" skipped="0" tests="8" name="suncertify.datafile.Utf8ByteCountingReaderTest">
  <properties>
    <property name="java.runtime.name" value="Java(TM) SE Runtime Environment"/>
    <property name="sun.boot.library.path" value="/System/Library/Java/JavaVirtualMachines/1.6.0.jdk/Contents/Libraries"/>
    <property name="java.vm.version" value="17.1-b03-307"/>
    <property name="awt.nativeDoubleBuffering" value="true"/>
    <property name="gopherProxySet" value="false"/>
    <property name="mrj.build" value="10M3261"/>
    <property name="java.vm.vendor" value="Apple Inc."/>
    <property name="java.vendor.url" value="http://www.apple.com/"/>
    <property name="path.separator" value=":"/>
    <property name="java.vm.name" value="Java HotSpot(TM) 64-Bit Server VM"/>
    <property name="file.encoding.pkg" value="sun.io"/>
    <property name="user.country" value="DE"/>
    <property name="sun.java.launcher" value="SUN_STANDARD"/>
    <property name="sun.os.patch.level" value="unknown"/>
    <property name="java.vm.specification.name" value="Java Virtual Machine Specification"/>
    <property name="user.dir" value="/Users/arnelandwehr/Coden/Sun Certified Java Developer/Project/Code/scjd.urlybird"/>
    <property name="java.runtime.version" value="1.6.0_22-b04-307-10M3261"/>
    <property name="java.awt.graphicsenv" value="apple.awt.CGraphicsEnvironment"/>
    <property name="basedir" value="/Users/arnelandwehr/Coden/Sun Certified Java Developer/Project/Code/scjd.urlybird"/>
    <property name="java.endorsed.dirs" value="/System/Library/Java/JavaVirtualMachines/1.6.0.jdk/Contents/Home/lib/endorsed"/>
    <property name="os.arch" value="x86_64"/>
    <property name="surefire.real.class.path" value="/var/folders/Zn/ZnanT4ryGr42gzKwATGuGk+++TI/-Tmp-/surefirebooter3215831608584919999.jar"/>
    <property name="java.io.tmpdir" value="/var/folders/Zn/ZnanT4ryGr42gzKwATGuGk+++TI/-Tmp-/"/>
    <property name="line.separator" value="
"/>
    <property name="java.vm.specification.vendor" value="Sun Microsystems Inc."/>
    <property name="os.name" value="Mac OS X"/>
    <property name="sun.jnu.encoding" value="MacRoman"/>
    <property name="java.library.path" value=".:/Library/Java/Extensions:/System/Library/Java/Extensions:/usr/lib/java"/>
    <property name="surefire.test.class.path" value="/Users/arnelandwehr/Coden/Sun Certified Java Developer/Project/Code/scjd.urlybird/target/test-classes:/Users/arnelandwehr/Coden/Sun Certified Java Developer/Project/Code/scjd.urlybird/target/generated-classes/cobertura:/Users/arnelandwehr/.m2/repository/junit/junit/4.8.1/junit-4.8.1.jar:/Users/arnelandwehr/.m2/repository/org/hamcrest/hamcrest-all/1.1/hamcrest-all-1.1.jar:/Users/arnelandwehr/.m2/repository/org/mockito/mockito-all/1.8.5/mockito-all-1.8.5.jar:/Users/arnelandwehr/.m2/repository/com/google/guava/guava/r07/guava-r07.jar:/Users/arnelandwehr/.m2/repository/net/sourceforge/cobertura/cobertura/1.9.4.1/cobertura-1.9.4.1.jar:/Users/arnelandwehr/.m2/repository/org/apache/ant/ant/1.7.0/ant-1.7.0.jar:/Users/arnelandwehr/.m2/repository/org/apache/ant/ant-launcher/1.7.0/ant-launcher-1.7.0.jar:"/>
    <property name="java.specification.name" value="Java Platform API Specification"/>
    <property name="java.class.version" value="50.0"/>
    <property name="sun.management.compiler" value="HotSpot 64-Bit Server Compiler"/>
    <property name="os.version" value="10.6.4"/>
    <property name="http.nonProxyHosts" value="local|*.local|169.254/16|*.169.254/16"/>
    <property name="user.home" value="/Users/arnelandwehr"/>
    <property name="user.timezone" value=""/>
    <property name="java.awt.printerjob" value="apple.awt.CPrinterJob"/>
    <property name="java.specification.version" value="1.6"/>
    <property name="file.encoding" value="MacRoman"/>
    <property name="user.name" value="arnelandwehr"/>
    <property name="java.class.path" value="/Users/arnelandwehr/Coden/Sun Certified Java Developer/Project/Code/scjd.urlybird/target/test-classes:/Users/arnelandwehr/Coden/Sun Certified Java Developer/Project/Code/scjd.urlybird/target/generated-classes/cobertura:/Users/arnelandwehr/.m2/repository/junit/junit/4.8.1/junit-4.8.1.jar:/Users/arnelandwehr/.m2/repository/org/hamcrest/hamcrest-all/1.1/hamcrest-all-1.1.jar:/Users/arnelandwehr/.m2/repository/org/mockito/mockito-all/1.8.5/mockito-all-1.8.5.jar:/Users/arnelandwehr/.m2/repository/com/google/guava/guava/r07/guava-r07.jar:/Users/arnelandwehr/.m2/repository/net/sourceforge/cobertura/cobertura/1.9.4.1/cobertura-1.9.4.1.jar:/Users/arnelandwehr/.m2/repository/org/apache/ant/ant/1.7.0/ant-1.7.0.jar:/Users/arnelandwehr/.m2/repository/org/apache/ant/ant-launcher/1.7.0/ant-launcher-1.7.0.jar:"/>
    <property name="java.vm.specification.version" value="1.0"/>
    <property name="sun.arch.data.model" value="64"/>
    <property name="java.home" value="/System/Library/Java/JavaVirtualMachines/1.6.0.jdk/Contents/Home"/>
    <property name="java.specification.vendor" value="Sun Microsystems Inc."/>
    <property name="user.language" value="de"/>
    <property name="awt.toolkit" value="apple.awt.CToolkit"/>
    <property name="java.vm.info" value="mixed mode"/>
    <property name="java.version" value="1.6.0_22"/>
    <property name="java.ext.dirs" value="/Library/Java/Extensions:/System/Library/Java/Extensions:/System/Library/Java/JavaVirtualMachines/1.6.0.jdk/Contents/Home/lib/ext"/>
    <property name="sun.boot.class.path" value="/System/Library/Java/JavaVirtualMachines/1.6.0.jdk/Contents/Classes/jsfd.jar:/System/Library/Java/JavaVirtualMachines/1.6.0.jdk/Contents/Classes/classes.jar:/System/Library/Frameworks/JavaVM.framework/Frameworks/JavaRuntimeSupport.framework/Resources/Java/JavaRuntimeSupport.jar:/System/Library/Java/JavaVirtualMachines/1.6.0.jdk/Contents/Classes/ui.jar:/System/Library/Java/JavaVirtualMachines/1.6.0.jdk/Contents/Classes/laf.jar:/System/Library/Java/JavaVirtualMachines/1.6.0.jdk/Contents/Classes/sunrsasign.jar:/System/Library/Java/JavaVirtualMachines/1.6.0.jdk/Contents/Classes/jsse.jar:/System/Library/Java/JavaVirtualMachines/1.6.0.jdk/Contents/Classes/jce.jar:/System/Library/Java/JavaVirtualMachines/1.6.0.jdk/Contents/Classes/charsets.jar"/>
    <property name="java.vendor" value="Apple Inc."/>
    <property name="localRepository" value="/Users/arnelandwehr/.m2/repository"/>
    <property name="file.separator" value="/"/>
    <property name="java.vendor.url.bug" value="http://bugreport.apple.com/"/>
    <property name="sun.cpu.endian" value="little"/>
    <property name="sun.io.unicode.encoding" value="UnicodeLittle"/>
    <property name="mrj.version" value="1060.1.6.0_22-307"/>
    <property name="socksNonProxyHosts" value="local|*.local|169.254/16|*.169.254/16"/>
    <property name="ftp.nonProxyHosts" value="local|*.local|169.254/16|*.169.254/16"/>
    <property name="sun.cpu.isalist" value=""/>
  </properties>
  <testcase time="0.167" classname="suncertify.datafile.Utf8ByteCountingReaderTest" name="shouldBeAbleToResetTheCounter"/>
  <testcase time="0" classname="suncertify.datafile.Utf8ByteCountingReaderTest" name="shouldCountFourBytesIfItReadesAnInt"/>
  <testcase time="0.003" classname="suncertify.datafile.Utf8ByteCountingReaderTest" name="shouldCountNBytesIfItReadesAStringOfLengthN"/>
  <testcase time="0" classname="suncertify.datafile.Utf8ByteCountingReaderTest" name="shouldCountNoBytesThatItSkips"/>
  <testcase time="0" classname="suncertify.datafile.Utf8ByteCountingReaderTest" name="shouldCountOneByteIfItReadesAByte"/>
  <testcase time="0.001" classname="suncertify.datafile.Utf8ByteCountingReaderTest" name="shouldCountTwoBytesIfItReadesAShort"/>
  <testcase time="0.001" classname="suncertify.datafile.Utf8ByteCountingReaderTest" name="shouldCountOneByteIfItReadesAChar"/>
  <testcase time="0.001" classname="suncertify.datafile.Utf8ByteCountingReaderTest" name="shouldSumAllReadBytesOverMultipleReads"/>
</testsuite>